Output: Graphics/Displays:

    Apple M1 Max:

      Chipset Model: Apple M1 Max
      Type: GPU
      Bus: Built-In
      Total Number of Cores: 24
      Vendor: Apple (0x106b)
      Metal Support: Metal 3
      Displays:
        PL3467WQ:
          Resolution: 3440 x 1440 (UWQHD - Ultra-Wide Quad HD)
          UI Looks like: 3440 x 1440 @ 165.00Hz
          Main Display: Yes
          Mirror: Off
          Online: Yes
          Rotation: Supported
        MSI MAG162V:
          Resolution: 1920 x 1080 (1080p FHD - Full High Definition)
          UI Looks like: 1920 x 1080 @ 60.00Hz
          Mirror: Off
          Online: Yes
          Rotation: Supported


Model: Apple M1 Max
E-Core Count: 2
P-Core Count: 8
GPU Core Count: 24
